<?xml version="1.0" encoding="UTF-8"?>
<!-- Generated by org.testng.reporters.JUnitReportReporter -->
<testsuite skipped="0" hostname="computer8" name="myTest.FileDownloadConcept" tests="1" failures="0" timestamp="2020-10-10T12:47:11 IST" time="14.471" errors="0">
  <testcase name="downloadFileTest" time="14.471" classname="myTest.FileDownloadConcept"/>
  <system-out/>
</testsuite> <!-- myTest.FileDownloadConcept -->
