<?xml version="1.0" encoding="UTF-8"?>
<!-- Generated by org.testng.reporters.JUnitReportReporter -->
<testsuite skipped="0" hostname="computer8" name="myTest.FileDownloadFirefox" tests="1" failures="0" timestamp="2020-09-12T12:35:03 IST" time="19.689" errors="0">
  <testcase name="downloadFileTest" time="19.689" classname="myTest.FileDownloadFirefox"/>
  <system-out/>
</testsuite> <!-- myTest.FileDownloadFirefox -->
