<?xml version="1.0" encoding="UTF-8"?>
<!-- Generated by org.testng.reporters.JUnitReportReporter -->
<testsuite skipped="0" hostname="computer8" name="weblinks.RSA_CoursesLinks" tests="5" failures="0" timestamp="2020-10-13T10:28:28 IST" time="65.305" errors="0">
  <testcase name="checkCoursesLink" time="13.199" classname="weblinks.RSA_CoursesLinks"/>
  <system-out/>
  <testcase name="checkCoursesLink" time="13.827" classname="weblinks.RSA_CoursesLinks"/>
  <system-out/>
  <testcase name="checkCoursesLink" time="12.989" classname="weblinks.RSA_CoursesLinks"/>
  <system-out/>
  <testcase name="checkCoursesLink" time="12.622" classname="weblinks.RSA_CoursesLinks"/>
  <system-out/>
  <testcase name="checkCoursesLink" time="12.668" classname="weblinks.RSA_CoursesLinks"/>
  <system-out/>
</testsuite> <!-- weblinks.RSA_CoursesLinks -->
