<?xml version="1.0" encoding="UTF-8"?>
<!-- Generated by org.testng.reporters.JUnitReportReporter -->
<testsuite skipped="0" hostname="computer8" name="dataproviderWithHashMap.HashMapDataExtractor" tests="4" failures="0" timestamp="2020-10-15T10:15:22 IST" time="0.016" errors="0">
  <testcase name="registrationData" time="0.010" classname="dataproviderWithHashMap.HashMapDataExtractor"/>
  <system-out/>
  <testcase name="registrationData" time="0.003" classname="dataproviderWithHashMap.HashMapDataExtractor"/>
  <system-out/>
  <testcase name="registrationData" time="0.002" classname="dataproviderWithHashMap.HashMapDataExtractor"/>
  <system-out/>
  <testcase name="registrationData" time="0.001" classname="dataproviderWithHashMap.HashMapDataExtractor"/>
  <system-out/>
</testsuite> <!-- dataproviderWithHashMap.HashMapDataExtractor -->
